app/build/intermediates/manifest_merge_blame_file/release/manifest-merger-blame-release-report.txt
1<?xml version="1.0" encoding="utf-8"?>
2<manifest xmlns:android="http://schemas.android.com/apk/res/android"
3    package="com.photomaster.app"
4    android:versionCode="1"
5    android:versionName="1.0" >
6
7    <uses-sdk
8        android:minSdkVersion="26"
9        android:targetSdkVersion="34" />
10
11    <!-- Android 13+ (API 33+) -->
12    <uses-permission android:name="android.permission.READ_MEDIA_IMAGES" />
12-->src/main/AndroidManifest.xml:6:5-76
12-->src/main/AndroidManifest.xml:6:22-73
13    <uses-permission android:name="android.permission.READ_MEDIA_VIDEO" />
13-->src/main/AndroidManifest.xml:7:5-75
13-->src/main/AndroidManifest.xml:7:22-72
14
15    <!-- Android 9–12 (API 28–32) -->
16    <uses-permission
16-->src/main/AndroidManifest.xml:10:5-12:38
17        android:name="android.permission.READ_EXTERNAL_STORAGE"
17-->src/main/AndroidManifest.xml:11:9-64
18        android:maxSdkVersion="32" />
18-->src/main/AndroidManifest.xml:12:9-35
19
20    <!-- Android 8 (API 26–28): write to external storage -->
21    <uses-permission
21-->src/main/AndroidManifest.xml:15:5-18:40
22        android:name="android.permission.WRITE_EXTERNAL_STORAGE"
22-->src/main/AndroidManifest.xml:16:9-65
23        android:maxSdkVersion="28" />
23-->src/main/AndroidManifest.xml:17:9-35
24
25    <!-- LAN transfer: embedded HTTP server -->
26    <uses-permission android:name="android.permission.INTERNET" />
26-->src/main/AndroidManifest.xml:21:5-67
26-->src/main/AndroidManifest.xml:21:22-64
27    <uses-permission android:name="android.permission.ACCESS_NETWORK_STATE" />
27-->src/main/AndroidManifest.xml:22:5-79
27-->src/main/AndroidManifest.xml:22:22-76
28    <uses-permission android:name="android.permission.ACCESS_WIFI_STATE" />
28-->src/main/AndroidManifest.xml:23:5-76
28-->src/main/AndroidManifest.xml:23:22-73
29
30    <permission
30-->[androidx.core:core:1.12.0] AndroidManifest.xml:22:5-24:47
31        android:name="com.photomaster.app.DYNAMIC_RECEIVER_NOT_EXPORTED_PERMISSION"
31-->[androidx.core:core:1.12.0] AndroidManifest.xml:23:9-81
32        android:protectionLevel="signature" />
32-->[androidx.core:core:1.12.0] AndroidManifest.xml:24:9-44
33
34    <uses-permission android:name="com.photomaster.app.DYNAMIC_RECEIVER_NOT_EXPORTED_PERMISSION" />
34-->[androidx.core:core:1.12.0] AndroidManifest.xml:26:5-97
34-->[androidx.core:core:1.12.0] AndroidManifest.xml:26:22-94
35
36    <application
36-->src/main/AndroidManifest.xml:25:5-44:19
37        android:name="com.photomaster.app.PhotoManagerApp"
37-->src/main/AndroidManifest.xml:26:9-40
38        android:allowBackup="true"
38-->src/main/AndroidManifest.xml:27:9-35
39        android:appComponentFactory="androidx.core.app.CoreComponentFactory"
39-->[androidx.core:core:1.12.0] AndroidManifest.xml:28:18-86
40        android:extractNativeLibs="false"
41        android:icon="@mipmap/ic_launcher"
41-->src/main/AndroidManifest.xml:28:9-43
42        android:label="@string/app_name"
42-->src/main/AndroidManifest.xml:29:9-41
43        android:roundIcon="@mipmap/ic_launcher_round"
43-->src/main/AndroidManifest.xml:30:9-54
44        android:supportsRtl="true"
44-->src/main/AndroidManifest.xml:31:9-35
45        android:theme="@style/Theme.PhotoMaster" >
45-->src/main/AndroidManifest.xml:32:9-49
46        <activity
46-->src/main/AndroidManifest.xml:34:9-42:20
47            android:name="com.photomaster.app.MainActivity"
47-->src/main/AndroidManifest.xml:35:13-41
48            android:exported="true"
48-->src/main/AndroidManifest.xml:36:13-36
49            android:windowSoftInputMode="adjustResize" >
49-->src/main/AndroidManifest.xml:37:13-55
50            <intent-filter>
50-->src/main/AndroidManifest.xml:38:13-41:29
51                <action android:name="android.intent.action.MAIN" />
51-->src/main/AndroidManifest.xml:39:17-69
51-->src/main/AndroidManifest.xml:39:25-66
52
53                <category android:name="android.intent.category.LAUNCHER" />
53-->src/main/AndroidManifest.xml:40:17-77
53-->src/main/AndroidManifest.xml:40:27-74
54            </intent-filter>
55        </activity>
56
57        <provider
57-->[androidx.emoji2:emoji2:1.3.0] AndroidManifest.xml:24:9-32:20
58            android:name="androidx.startup.InitializationProvider"
58-->[androidx.emoji2:emoji2:1.3.0] AndroidManifest.xml:25:13-67
59            android:authorities="com.photomaster.app.androidx-startup"
59-->[androidx.emoji2:emoji2:1.3.0] AndroidManifest.xml:26:13-68
60            android:exported="false" >
60-->[androidx.emoji2:emoji2:1.3.0] AndroidManifest.xml:27:13-37
61            <meta-data
61-->[androidx.emoji2:emoji2:1.3.0] AndroidManifest.xml:29:13-31:52
62                android:name="androidx.emoji2.text.EmojiCompatInitializer"
62-->[androidx.emoji2:emoji2:1.3.0] AndroidManifest.xml:30:17-75
63                android:value="androidx.startup" />
63-->[androidx.emoji2:emoji2:1.3.0] AndroidManifest.xml:31:17-49
64            <meta-data
64-->[androidx.lifecycle:lifecycle-process:2.7.0] AndroidManifest.xml:29:13-31:52
65                android:name="androidx.lifecycle.ProcessLifecycleInitializer"
65-->[androidx.lifecycle:lifecycle-process:2.7.0] AndroidManifest.xml:30:17-78
66                android:value="androidx.startup" />
66-->[androidx.lifecycle:lifecycle-process:2.7.0] AndroidManifest.xml:31:17-49
67            <meta-data
67-->[androidx.profileinstaller:profileinstaller:1.3.1] AndroidManifest.xml:29:13-31:52
68                android:name="androidx.profileinstaller.ProfileInstallerInitializer"
68-->[androidx.profileinstaller:profileinstaller:1.3.1] AndroidManifest.xml:30:17-85
69                android:value="androidx.startup" />
69-->[androidx.profileinstaller:profileinstaller:1.3.1] AndroidManifest.xml:31:17-49
70        </provider>
71
72        <service
72-->[androidx.room:room-runtime:2.6.1] AndroidManifest.xml:24:9-28:63
73            android:name="androidx.room.MultiInstanceInvalidationService"
73-->[androidx.room:room-runtime:2.6.1] AndroidManifest.xml:25:13-74
74            android:directBootAware="true"
74-->[androidx.room:room-runtime:2.6.1] AndroidManifest.xml:26:13-43
75            android:exported="false" />
75-->[androidx.room:room-runtime:2.6.1] AndroidManifest.xml:27:13-37
76
77        <receiver
77-->[androidx.profileinstaller:profileinstaller:1.3.1] AndroidManifest.xml:34:9-52:20
78            android:name="androidx.profileinstaller.ProfileInstallReceiver"
78-->[androidx.profileinstaller:profileinstaller:1.3.1] AndroidManifest.xml:35:13-76
79            android:directBootAware="false"
79-->[androidx.profileinstaller:profileinstaller:1.3.1] AndroidManifest.xml:36:13-44
80            android:enabled="true"
80-->[androidx.profileinstaller:profileinstaller:1.3.1] AndroidManifest.xml:37:13-35
81            android:exported="true"
81-->[androidx.profileinstaller:profileinstaller:1.3.1] AndroidManifest.xml:38:13-36
82            android:permission="android.permission.DUMP" >
82-->[androidx.profileinstaller:profileinstaller:1.3.1] AndroidManifest.xml:39:13-57
83            <intent-filter>
83-->[androidx.profileinstaller:profileinstaller:1.3.1] AndroidManifest.xml:40:13-42:29
84                <action android:name="androidx.profileinstaller.action.INSTALL_PROFILE" />
84-->[androidx.profileinstaller:profileinstaller:1.3.1] AndroidManifest.xml:41:17-91
84-->[androidx.profileinstaller:profileinstaller:1.3.1] AndroidManifest.xml:41:25-88
85            </intent-filter>
86            <intent-filter>
86-->[androidx.profileinstaller:profileinstaller:1.3.1] AndroidManifest.xml:43:13-45:29
87                <action android:name="androidx.profileinstaller.action.SKIP_FILE" />
87-->[androidx.profileinstaller:profileinstaller:1.3.1] AndroidManifest.xml:44:17-85
87-->[androidx.profileinstaller:profileinstaller:1.3.1] AndroidManifest.xml:44:25-82
88            </intent-filter>
89            <intent-filter>
89-->[androidx.profileinstaller:profileinstaller:1.3.1] AndroidManifest.xml:46:13-48:29
90                <action android:name="androidx.profileinstaller.action.SAVE_PROFILE" />
90-->[androidx.profileinstaller:profileinstaller:1.3.1] AndroidManifest.xml:47:17-88
90-->[androidx.profileinstaller:profileinstaller:1.3.1] AndroidManifest.xml:47:25-85
91            </intent-filter>
92            <intent-filter>
92-->[androidx.profileinstaller:profileinstaller:1.3.1] AndroidManifest.xml:49:13-51:29
93                <action android:name="androidx.profileinstaller.action.BENCHMARK_OPERATION" />
93-->[androidx.profileinstaller:profileinstaller:1.3.1] AndroidManifest.xml:50:17-95
93-->[androidx.profileinstaller:profileinstaller:1.3.1] AndroidManifest.xml:50:25-92
94            </intent-filter>
95        </receiver>
96    </application>
97
98</manifest>